https://api.mollie.com/v2/payments/tr_BzuxSMwksj
Array
https://api.mollie.com/v2/payments/
Array
https://api.mollie.com/v2/payments/tr_wekxFNp87u

https://api.mollie.com/v2/payments/tr_haPf5WABSb
Array
https://api.mollie.com/v2/payments/tr_qm4PahU6FD
Array
https://api.mollie.com/v2/payments/tr_yuFt5pWBR8
Array
https://api.mollie.com/v2/payments/tr_NSaK9v4w2m
Array
https://api.mollie.com/v2/payments/tr_TdWBVB2gvs
Array
https://api.mollie.com/v2/payments/tr_5frMR4gzfn

https://api.mollie.com/v2/payments/tr_e4HtVnnGBW
Array
https://api.mollie.com/v2/payments/tr_6UbM9hHAtQ
Array
https://api.mollie.com/v2/payments/tr_PAyNVNerDd

https://api.mollie.com/v2/payments/tr_kcVsUzWjDv
Array
https://api.mollie.com/v2/payments/tr_Qf6Ewxa3Am
Array
